<?xml version="1.0" encoding="UTF-8"?>
<!-- Generated by org.testng.reporters.JUnitReportReporter -->
<testsuite hostname="Saicharans-MacBook-Pro.local" failures="0" tests="1" name="practice_day1.LoginTest" time="6.174" errors="0" timestamp="2025-07-16T07:05:47 IST" skipped="0">
  <testcase classname="practice_day1.LoginTest" name="launchAndNavigate" time="6.174"/>
</testsuite> <!-- practice_day1.LoginTest -->
