<?xml version="1.0" encoding="UTF-8"?>
<!-- Generated by org.testng.reporters.JUnitReportReporter -->
<testsuite hostname="Saicharans-MacBook-Pro.local" failures="0" tests="1" name="tests.TextBoxTest" time="6.002" errors="0" timestamp="2025-07-18T01:52:22 IST" skipped="0">
  <testcase classname="tests.TextBoxTest" name="testTextFormSubmission" time="6.002"/>
</testsuite> <!-- tests.TextBoxTest -->
