<?xml version="1.0" encoding="UTF-8"?>
<!-- Generated by org.testng.reporters.JUnitReportReporter -->
<testsuite hostname="Saicharans-MacBook-Pro.local" failures="0" tests="1" name="practice_Day1.day1" time="6.307" errors="0" timestamp="2025-07-16T00:16:58 IST" skipped="0">
  <testcase classname="practice_Day1.day1" name="launchURL" time="6.307"/>
</testsuite> <!-- practice_Day1.day1 -->
