<?xml version="1.0" encoding="UTF-8"?>
<!-- Generated by org.testng.reporters.JUnitReportReporter -->
<testsuite hostname="Saicharans-MacBook-Pro.local" failures="0" tests="1" name="pages.LoginTest" time="13.195" errors="0" timestamp="2025-07-16T15:08:16 IST" skipped="0">
  <testcase classname="pages.LoginTest" name="launchAndNavigate" time="13.195"/>
</testsuite> <!-- pages.LoginTest -->
