<?xml version="1.0" encoding="UTF-8"?>
<!-- Generated by org.testng.reporters.JUnitReportReporter -->
<testsuite hostname="Saicharans-MacBook-Pro.local" failures="0" tests="1" name="tests.AlertsTest" time="10.088" errors="0" timestamp="2025-07-19T21:36:34 IST" skipped="0">
  <testcase classname="tests.AlertsTest" name="testTriggeringAlerts" time="10.088"/>
</testsuite> <!-- tests.AlertsTest -->
